2025-01-13 21:27:19,074 Testing append_element
2025-01-13 21:27:19,074 Testing checkIfAlreadySet
2025-01-13 21:27:19,074 Element.set(): set 0, 0 to 5
2025-01-13 21:27:19,074 Testing getCol
2025-01-13 21:27:19,074 Testing getRow
2025-01-13 21:27:19,074 Testing nakedDoubleValueRule
2025-01-13 21:27:19,074 nDVR: in Row, 0 found tuple (3, 5)
2025-01-13 21:27:19,074 nDVR: after removal: values are
{3: True, 5: True}
2025-01-13 21:27:19,074 nDVR: after removal: values are
{3: True, 5: True}
2025-01-13 21:27:19,075 Element.remove(): removed 3 from 0, 2
2025-01-13 21:27:19,075 Element.remove(): removed 5 from 0, 2
2025-01-13 21:27:19,075 nDVR: after removal: values are
{1: '', 2: '', 4: '', 6: '', 7: '', 8: '', 9: ''}
2025-01-13 21:27:19,075 Element.remove(): removed 3 from 0, 3
2025-01-13 21:27:19,075 Element.remove(): removed 5 from 0, 3
2025-01-13 21:27:19,075 nDVR: after removal: values are
{1: '', 2: '', 4: '', 6: '', 7: '', 8: '', 9: ''}
2025-01-13 21:27:19,075 Element.remove(): removed 3 from 0, 4
2025-01-13 21:27:19,075 Element.remove(): removed 5 from 0, 4
2025-01-13 21:27:19,075 nDVR: after removal: values are
{1: '', 2: '', 4: '', 6: '', 7: '', 8: '', 9: ''}
2025-01-13 21:27:19,075 Element.remove(): removed 3 from 0, 5
2025-01-13 21:27:19,075 Element.remove(): removed 5 from 0, 5
2025-01-13 21:27:19,075 nDVR: after removal: values are
{1: '', 2: '', 4: '', 6: '', 7: '', 8: '', 9: ''}
2025-01-13 21:27:19,075 Element.remove(): removed 3 from 0, 6
2025-01-13 21:27:19,075 Element.remove(): removed 5 from 0, 6
2025-01-13 21:27:19,075 nDVR: after removal: values are
{1: '', 2: '', 4: '', 6: '', 7: '', 8: '', 9: ''}
2025-01-13 21:27:19,075 Element.remove(): removed 3 from 0, 7
2025-01-13 21:27:19,075 Element.remove(): removed 5 from 0, 7
2025-01-13 21:27:19,075 nDVR: after removal: values are
{1: '', 2: '', 4: '', 6: '', 7: '', 8: '', 9: ''}
2025-01-13 21:27:19,075 Element.remove(): removed 3 from 0, 8
2025-01-13 21:27:19,075 Element.remove(): removed 5 from 0, 8
2025-01-13 21:27:19,075 nDVR: after removal: values are
{1: '', 2: '', 4: '', 6: '', 7: '', 8: '', 9: ''}
2025-01-13 21:27:19,075 Testing removeVal
2025-01-13 21:27:19,075 Element.remove(): removed 5 from 0, 0
2025-01-13 21:27:19,075 Element.remove(): removed 5 from 0, 1
2025-01-13 21:27:19,075 Element.remove(): removed 5 from 0, 2
2025-01-13 21:27:19,075 Element.remove(): removed 5 from 0, 3
2025-01-13 21:27:19,075 Element.remove(): removed 5 from 0, 4
2025-01-13 21:27:19,075 Element.remove(): removed 5 from 0, 5
2025-01-13 21:27:19,075 Element.remove(): removed 5 from 0, 6
2025-01-13 21:27:19,075 Element.remove(): removed 5 from 0, 7
2025-01-13 21:27:19,075 Element.remove(): removed 5 from 0, 8
2025-01-13 21:27:19,075 Testing singlePossibleValueRule
2025-01-13 21:27:19,075 Element.remove(): removed 5 from 0, 1
2025-01-13 21:27:19,075 Element.remove(): removed 5 from 0, 2
2025-01-13 21:27:19,075 Element.remove(): removed 5 from 0, 3
2025-01-13 21:27:19,075 Element.remove(): removed 5 from 0, 4
2025-01-13 21:27:19,075 Element.remove(): removed 5 from 0, 5
2025-01-13 21:27:19,075 Element.remove(): removed 5 from 0, 6
2025-01-13 21:27:19,075 Element.remove(): removed 5 from 0, 7
2025-01-13 21:27:19,075 Element.remove(): removed 5 from 0, 8
2025-01-13 21:27:19,075 SPVR: Row 0
2025-01-13 21:27:19,075 values: 
0,0: [1, 2, 3, 4, 5, 6, 7, 8, 9]
0,1: [1, 2, 3, 4, 6, 7, 8, 9]
0,2: [1, 2, 3, 4, 6, 7, 8, 9]
0,3: [1, 2, 3, 4, 6, 7, 8, 9]
0,4: [1, 2, 3, 4, 6, 7, 8, 9]
0,5: [1, 2, 3, 4, 6, 7, 8, 9]
0,6: [1, 2, 3, 4, 6, 7, 8, 9]
0,7: [1, 2, 3, 4, 6, 7, 8, 9]
0,8: [1, 2, 3, 4, 6, 7, 8, 9]

2025-01-13 21:27:19,075 computed SPVs: {1: 'x', 2: 'x', 3: 'x', 4: 'x', 5: 0, 6: 'x', 7: 'x', 8: 'x', 9: 'x'}
2025-01-13 21:27:19,075 SPVR in Row 0: 5 can only be at position 0
2025-01-13 21:27:19,075 Element.set(): set 0, 0 to 5
2025-01-13 21:27:19,075 Element.remove(): removed 5 from 1, 0
2025-01-13 21:27:19,075 Element.remove(): removed 5 from 2, 0
2025-01-13 21:27:19,075 Element.remove(): removed 5 from 3, 0
2025-01-13 21:27:19,075 Element.remove(): removed 5 from 4, 0
2025-01-13 21:27:19,075 Element.remove(): removed 5 from 5, 0
2025-01-13 21:27:19,075 Element.remove(): removed 5 from 6, 0
2025-01-13 21:27:19,075 Element.remove(): removed 5 from 7, 0
2025-01-13 21:27:19,075 Element.remove(): removed 5 from 8, 0
2025-01-13 21:27:19,075 Element.remove(): removed 5 from 1, 1
2025-01-13 21:27:19,075 Element.remove(): removed 5 from 1, 2
2025-01-13 21:27:19,075 Element.remove(): removed 5 from 2, 1
2025-01-13 21:27:19,075 Element.remove(): removed 5 from 2, 2
2025-01-13 21:27:19,075 element 0 values are: {5: ''}
2025-01-13 21:27:19,075 Testing singleValueRule
2025-01-13 21:27:19,075 Element.set(): set 0, 0 to 5
2025-01-13 21:27:19,075 SVR: setting Row 0, indx 0 to 5
2025-01-13 21:27:19,075 Element.set(): set 0, 0 to 5
2025-01-13 21:27:19,075 Element.remove(): removed 5 from 0, 1
2025-01-13 21:27:19,075 Element.remove(): removed 5 from 0, 2
2025-01-13 21:27:19,075 Element.remove(): removed 5 from 0, 3
2025-01-13 21:27:19,075 Element.remove(): removed 5 from 0, 4
2025-01-13 21:27:19,075 Element.remove(): removed 5 from 0, 5
2025-01-13 21:27:19,075 Element.remove(): removed 5 from 0, 6
2025-01-13 21:27:19,075 Element.remove(): removed 5 from 0, 7
2025-01-13 21:27:19,075 Element.remove(): removed 5 from 0, 8
2025-01-13 21:27:19,075 Element.remove(): removed 5 from 1, 0
2025-01-13 21:27:19,075 Element.remove(): removed 5 from 2, 0
2025-01-13 21:27:19,075 Element.remove(): removed 5 from 3, 0
2025-01-13 21:27:19,075 Element.remove(): removed 5 from 4, 0
2025-01-13 21:27:19,075 Element.remove(): removed 5 from 5, 0
2025-01-13 21:27:19,075 Element.remove(): removed 5 from 6, 0
2025-01-13 21:27:19,075 Element.remove(): removed 5 from 7, 0
2025-01-13 21:27:19,075 Element.remove(): removed 5 from 8, 0
2025-01-13 21:27:19,075 Element.remove(): removed 5 from 1, 1
2025-01-13 21:27:19,075 Element.remove(): removed 5 from 1, 2
2025-01-13 21:27:19,075 Element.remove(): removed 5 from 2, 1
2025-01-13 21:27:19,075 Element.remove(): removed 5 from 2, 2
